2024-12-16 10:17:42.848 INFO  (main) [c: s: r: x: t:] o.e.j.s.Server jetty-10.0.22; built: 2024-06-27T16:03:51.502Z; git: 5c8471e852d377fd726ad9b1692c35ffc5febb09; jvm 17.0.13+11
2024-12-16 10:17:43.521 WARN  (main) [c: s: r: x: t:] o.e.j.u.DeprecationWarning Using @Deprecated Class org.eclipse.jetty.servlet.listener.ELContextCleaner
2024-12-16 10:17:43.543 INFO  (main) [c: s: r: x: t:] o.a.s.s.CoreContainerProvider Using logger factory org.apache.logging.slf4j.Log4jLoggerFactory
2024-12-16 10:17:43.609 INFO  (main) [c: s: r: x: t:] o.a.s.s.CoreContainerProvider  ___      _       Welcome to Apache Solr™ version 9.7.0
2024-12-16 10:17:43.610 INFO  (main) [c: s: r: x: t:] o.a.s.s.CoreContainerProvider / __| ___| |_ _   Starting in standalone mode on port 8983
2024-12-16 10:17:43.610 INFO  (main) [c: s: r: x: t:] o.a.s.s.CoreContainerProvider \__ \/ _ \ | '_|  Install dir: /opt/solr-9.7.0
2024-12-16 10:17:43.610 INFO  (main) [c: s: r: x: t:] o.a.s.s.CoreContainerProvider |___/\___/_|_|    Start time: 2024-12-16T10:17:43.610130850Z
2024-12-16 10:17:43.612 INFO  (main) [c: s: r: x: t:] o.a.s.s.CoreContainerProvider Solr started with "-XX:+CrashOnOutOfMemoryError" that will crash on any OutOfMemoryError exception. The cause of the OOME will be logged in the crash file at the following path: /app/logs/jvm_crash_14.log
2024-12-16 10:17:43.632 INFO  (main) [c: s: r: x: t:] o.a.s.s.CoreContainerProvider Solr Home: /app/data (source: system property: solr.solr.home)
2024-12-16 10:17:43.644 INFO  (main) [c: s: r: x: t:] o.a.s.c.SolrXmlConfig solr.xml not found in SOLR_HOME, using built-in default
2024-12-16 10:17:43.644 INFO  (main) [c: s: r: x: t:] o.a.s.c.SolrXmlConfig Loading solr.xml from /opt/solr-9.7.0/server/solr/solr.xml
2024-12-16 10:17:43.737 INFO  (main) [c: s: r: x: t:] o.a.s.c.SolrResourceLoader Added 1 libs to classloader, from paths: [/opt/solr-9.7.0/lib]
2024-12-16 10:17:45.133 INFO  (main) [c: s: r: x: t:] o.a.s.u.t.SimplePropagator Always-on trace id generation enabled.
2024-12-16 10:17:45.712 WARN  (main) [c: s: r: x: t:] o.a.s.u.StartupLoggingUtils Jetty request logging enabled. Will retain logs for last 3 days. See chapter "Configuring Logging" in reference guide for how to configure.
2024-12-16 10:17:45.716 INFO  (main) [c: s: r: x: t:] o.a.s.c.CoreContainer Initializing authorization plugin: solr.RuleBasedAuthorizationPlugin
2024-12-16 10:17:45.723 INFO  (main) [c: s: r: x: t:] o.a.s.c.CoreContainer Initializing authentication plugin: solr.BasicAuthPlugin
2024-12-16 10:17:45.727 WARN  (main) [c: s: r: x: t:] o.a.s.c.CoreContainer Solr authentication is enabled, but SSL is off.  Consider enabling SSL to protect user credentials and data with encryption.
2024-12-16 10:17:46.042 INFO  (main) [c: s: r: x: t:] o.a.s.c.CorePropertiesLocator Found 1 core definitions underneath /app/data
2024-12-16 10:17:46.043 INFO  (main) [c: s: r: x: t:] o.a.s.c.CorePropertiesLocator Cores are: [records]
2024-12-16 10:17:46.130 INFO  (coreLoadExecutor-13-thread-1) [c: s: r: x:records t:] o.a.s.c.SolrConfig Using Lucene MatchVersion: 9.11.0
2024-12-16 10:17:46.414 INFO  (coreLoadExecutor-13-thread-1) [c: s: r: x:records t:] o.a.s.s.IndexSchema Schema name=solr-schema
2024-12-16 10:17:46.721 WARN  (main) [c: s: r: x: t:] o.g.j.m.i.MessagingBinders A class jakarta.activation.DataSource for a default provider MessageBodyWriter<jakarta.activation.DataSource> was not found. The provider is not available.
2024-12-16 10:17:46.808 INFO  (coreLoadExecutor-13-thread-1) [c: s: r: x:records t:] o.a.s.s.IndexSchema Loaded schema solr-schema/1.7 with uniqueid field identifier
2024-12-16 10:17:46.808 INFO  (coreLoadExecutor-13-thread-1) [c: s: r: x:records t:] o.a.s.c.CoreContainer Creating SolrCore 'records' using configuration from instancedir /app/data/records, trusted=true
2024-12-16 10:17:46.914 INFO  (coreLoadExecutor-13-thread-1) [c: s: r: x:records t:] o.a.s.c.SolrCore Opening new SolrCore at [/app/data/records], dataDir=[/app/data/records/data/]
2024-12-16 10:17:47.610 INFO  (main) [c: s: r: x: t:] o.a.s.j.SolrRequestAuthorizer Creating a new SolrRequestAuthorizer
2024-12-16 10:17:48.008 INFO  (main) [c: s: r: x: t:] o.e.j.s.h.ContextHandler Started o.e.j.w.WebAppContext@655a5d9c{solr-jetty-context.xml,/solr,file:///opt/solr-9.7.0/server/solr-webapp/webapp/,AVAILABLE}{/opt/solr-9.7.0/server/solr-webapp/webapp}
2024-12-16 10:17:48.015 INFO  (main) [c: s: r: x: t:] o.e.j.s.RequestLogWriter Opened /app/logs/2024_12_16.request.log
2024-12-16 10:17:48.018 INFO  (main) [c: s: r: x: t:] o.e.j.s.AbstractConnector Started ServerConnector@3b220bcb{HTTP/1.1, (http/1.1, h2c)}{0.0.0.0:8983}
2024-12-16 10:17:48.019 INFO  (main) [c: s: r: x: t:] o.e.j.s.Server Started Server@1de5f0ef{STARTING}[10.0.22,sto=0] @9256ms
2024-12-16 10:17:48.312 INFO  (coreLoadExecutor-13-thread-1) [c: s: r: x:records t:] o.a.s.j.SolrRequestAuthorizer Creating a new SolrRequestAuthorizer
2024-12-16 10:17:48.327 INFO  (coreLoadExecutor-13-thread-1) [c: s: r: x:records t:] o.a.s.u.UpdateHandler Using UpdateLog implementation: org.apache.solr.update.UpdateLog
2024-12-16 10:17:48.327 INFO  (coreLoadExecutor-13-thread-1) [c: s: r: x:records t:] o.a.s.u.UpdateLog Initializing UpdateLog: dataDir= defaultSyncLevel=FLUSH numRecordsToKeep=100 maxNumLogsToKeep=10 numVersionBuckets=65536
2024-12-16 10:17:48.328 INFO  (coreLoadExecutor-13-thread-1) [c: s: r: x:records t:] o.a.s.u.CommitTracker Hard AutoCommit: if uncommitted for 15000ms; 
2024-12-16 10:17:48.328 INFO  (coreLoadExecutor-13-thread-1) [c: s: r: x:records t:] o.a.s.u.CommitTracker Soft AutoCommit: if uncommitted for 10000ms; 
2024-12-16 10:17:48.528 INFO  (coreLoadExecutor-13-thread-1) [c: s: r: x:records t:] o.a.s.r.ManagedResourceStorage File-based storage initialized to use dir: /app/data/records/conf
2024-12-16 10:17:48.541 INFO  (coreLoadExecutor-13-thread-1) [c: s: r: x:records t:] o.a.s.s.DirectSolrSpellChecker init: {name=default, field=_text_, classname=solr.DirectSolrSpellChecker, distanceMeasure=internal, maxEdits=2, minPrefix=1, maxInspections=5, minQueryLength=4, accuracy=0.5, maxQueryFrequency=0.01}
2024-12-16 10:17:48.548 INFO  (coreLoadExecutor-13-thread-1) [c: s: r: x:records t:] o.a.s.h.ReplicationHandler Commits will be reserved for 10000 ms
2024-12-16 10:17:48.550 INFO  (searcherExecutor-15-thread-1-processing-records) [c: s: r: x:records t:] o.a.s.c.QuerySenderListener QuerySenderListener done.
2024-12-16 10:17:48.550 INFO  (searcherExecutor-15-thread-1-processing-records) [c: s: r: x:records t:] o.a.s.h.c.SpellCheckComponent Loading spell index for spellchecker: default
2024-12-16 10:17:48.608 INFO  (searcherExecutor-15-thread-1-processing-records) [c: s: r: x:records t:] o.a.s.c.SolrCore Registered new searcher autowarm time: 0 ms
2024-12-16 10:17:59.357 INFO  (qtp1241480588-16-null-2) [c: s: r: x: t:null-2] o.a.s.s.HttpSolrCall [admin] webapp=null path=/admin/cores params={indexInfo=false&wt=json&_=1734344279168} status=0 QTime=5
2024-12-16 10:17:59.358 INFO  (qtp1241480588-24-null-5) [c: s: r: x:records t:null-5] o.a.s.c.S.Request webapp=/solr path=/config params={wt=json&_=1734344279315} status=0 QTime=5
2024-12-16 10:17:59.360 INFO  (qtp1241480588-19-null-3) [c: s: r: x:records t:null-3] o.a.s.c.S.Request webapp=/solr path=/admin/luke params={show=schema&wt=json&_=1734344279315} status=0 QTime=9
2024-12-16 10:17:59.365 INFO  (qtp1241480588-21-null-4) [c: s: r: x: t:null-4] o.a.s.s.HttpSolrCall [admin] webapp=null path=/admin/info/system params={wt=json&_=1734344279168} status=0 QTime=12
2024-12-16 10:17:59.485 INFO  (qtp1241480588-25-null-6) [c: s: r: x:records t:null-6] o.a.s.c.S.Request webapp=/solr path=/admin/luke params={numTerms=0&wt=json&_=1734344279315} status=0 QTime=0
2024-12-16 10:18:03.006 INFO  (qtp1241480588-20-null-7) [c: s: r: x: t:null-7] o.a.s.s.HttpSolrCall [admin] webapp=null path=/admin/cores params={indexInfo=false&wt=json&_=1734344279168} status=0 QTime=0
2024-12-16 10:18:03.009 INFO  (qtp1241480588-23-null-9) [c: s: r: x:records t:null-9] o.a.s.c.S.Request webapp=/solr path=/config/params params={wt=json&_=1734344282969} status=0 QTime=0
2024-12-16 10:18:03.011 INFO  (qtp1241480588-22-null-8) [c: s: r: x: t:null-8] o.a.s.s.HttpSolrCall [admin] webapp=null path=/admin/info/system params={wt=json&_=1734344279168} status=0 QTime=4
2024-12-16 10:18:04.442 INFO  (qtp1241480588-18-null-10) [c: s: r: x: t:null-10] o.a.s.s.HttpSolrCall [admin] webapp=null path=/admin/cores params={indexInfo=false&wt=json&_=1734344279168} status=0 QTime=0
2024-12-16 10:18:04.448 INFO  (qtp1241480588-21-null-12) [c: s: r: x:records t:null-12] o.a.s.c.S.Request webapp=/solr path=/config/params params={wt=json&_=1734344282969} status=0 QTime=0
2024-12-16 10:18:04.449 INFO  (qtp1241480588-16-null-11) [c: s: r: x: t:null-11] o.a.s.s.HttpSolrCall [admin] webapp=null path=/admin/info/system params={wt=json&_=1734344279168} status=0 QTime=4
2024-12-16 10:18:04.473 INFO  (qtp1241480588-24-null-13) [c: s: r: x:records t:null-13] o.a.s.c.S.Request webapp=/solr path=/select params={q=*:*&indent=true&q.op=OR&useParams=&_=1734344282969} hits=0 status=0 QTime=23
2024-12-16 10:18:05.349 INFO  (qtp1241480588-19-null-14) [c: s: r: x: t:null-14] o.a.s.s.HttpSolrCall [admin] webapp=null path=/admin/cores params={indexInfo=false&wt=json&_=1734344279168} status=0 QTime=0
2024-12-16 10:18:05.351 INFO  (qtp1241480588-20-null-16) [c: s: r: x:records t:null-16] o.a.s.c.S.Request webapp=/solr path=/config/params params={wt=json&_=1734344282969} status=0 QTime=0
2024-12-16 10:18:05.353 INFO  (qtp1241480588-25-null-15) [c: s: r: x: t:null-15] o.a.s.s.HttpSolrCall [admin] webapp=null path=/admin/info/system params={wt=json&_=1734344279168} status=0 QTime=4
2024-12-16 10:18:05.356 INFO  (qtp1241480588-23-null-17) [c: s: r: x:records t:null-17] o.a.s.c.S.Request webapp=/solr path=/select params={q=*:*&indent=true&q.op=OR&useParams=&_=1734344282969} hits=0 status=0 QTime=4
2024-12-16 10:22:19.662 INFO  (qtp1241480588-19-null-18) [c: s: r: x:records t:null-18] o.a.s.s.AbstractSpatialPrefixTreeFieldType location_rpt{class=org.apache.solr.schema.SpatialRecursivePrefixTreeFieldType,analyzer=org.apache.solr.schema.FieldType$DefaultAnalyzer,args={maxDistErr=0.001, spatialContextFactory=JTS, validationRule=repairBuffer0, distErrPct=0.025, distanceUnits=kilometers, class=solr.SpatialRecursivePrefixTreeFieldType, autoIndex=true}} strat: RecursivePrefixTreeStrategy(SPG:(GeohashPrefixTree(maxLevels:11,ctx:JtsSpatialContext{geo=true, calculator=Haversine, worldBounds=Rect(minX=-180.0,maxX=180.0,minY=-90.0,maxY=90.0)})),pruneLeafyBranches) maxLevels: 11
2024-12-16 10:22:19.711 INFO  (qtp1241480588-19-null-18) [c: s: r: x:records t:null-18] o.a.s.s.AbstractSpatialPrefixTreeFieldType location_rpt{class=org.apache.solr.schema.SpatialRecursivePrefixTreeFieldType,analyzer=org.apache.solr.schema.FieldType$DefaultAnalyzer,args={maxDistErr=0.001, spatialContextFactory=JTS, validationRule=repairBuffer0, distErrPct=0.025, distanceUnits=kilometers, class=solr.SpatialRecursivePrefixTreeFieldType, autoIndex=true}} strat: RecursivePrefixTreeStrategy(SPG:(GeohashPrefixTree(maxLevels:11,ctx:JtsSpatialContext{geo=true, calculator=Haversine, worldBounds=Rect(minX=-180.0,maxX=180.0,minY=-90.0,maxY=90.0)})),pruneLeafyBranches) maxLevels: 11
2024-12-16 10:22:19.821 INFO  (qtp1241480588-19-null-18) [c: s: r: x:records t:null-18] o.a.s.u.p.LogUpdateProcessorFactory webapp=/solr path=/update params={wt=javabin&version=2}{add=[-Stränders-jordart-och-eroderbarhet (1818592060008038400)]} 0 187
2024-12-16 10:22:27.123 INFO  (qtp1241480588-20-null-19) [c: s: r: x:records t:null-19] o.a.s.u.p.LogUpdateProcessorFactory webapp=/solr path=/update params={wt=javabin&version=2}{add=[0007bad6-848d-4763-9813-d5ed21cde6ee (1818592067822026752)]} 0 22
2024-12-16 10:22:28.440 INFO  (qtp1241480588-18-null-20) [c: s: r: x:records t:null-20] o.a.s.u.p.LogUpdateProcessorFactory webapp=/solr path=/update params={wt=javabin&version=2}{add=[000baa63-b19e-4e52-8378-e7b6f3be1f63 (1818592069200904192)]} 0 23
2024-12-16 10:22:29.640 INFO  (qtp1241480588-25-null-21) [c: s: r: x:records t:null-21] o.a.s.u.p.LogUpdateProcessorFactory webapp=/solr path=/update params={wt=javabin&version=2}{add=[00449e2f-d622-46c3-bb55-c4f04113b82e (1818592070474924032)]} 0 8
2024-12-16 10:22:30.208 INFO  (searcherExecutor-15-thread-2-processing-records) [c: s: r: x:records t:] o.a.s.c.QuerySenderListener QuerySenderListener done.
2024-12-16 10:22:30.216 INFO  (searcherExecutor-15-thread-2-processing-records) [c: s: r: x:records t:] o.a.s.c.SolrCore Registered new searcher autowarm time: 64 ms
2024-12-16 10:22:35.881 INFO  (qtp1241480588-21-null-22) [c: s: r: x: t:null-22] o.a.s.s.HttpSolrCall [admin] webapp=null path=/admin/cores params={indexInfo=false&wt=json&_=1734344279168} status=0 QTime=0
2024-12-16 10:22:35.882 INFO  (qtp1241480588-16-null-24) [c: s: r: x:records t:null-24] o.a.s.c.S.Request webapp=/solr path=/config/params params={wt=json&_=1734344282969} status=0 QTime=0
2024-12-16 10:22:35.883 INFO  (qtp1241480588-19-null-25) [c: s: r: x:records t:null-25] o.a.s.c.S.Request webapp=/solr path=/select params={q=*:*&indent=true&q.op=OR&useParams=&_=1734344282969} hits=4 status=0 QTime=0
2024-12-16 10:22:35.885 INFO  (qtp1241480588-23-null-23) [c: s: r: x: t:null-23] o.a.s.s.HttpSolrCall [admin] webapp=null path=/admin/info/system params={wt=json&_=1734344279168} status=0 QTime=4
2024-12-16 10:25:22.510 INFO  (qtp1241480588-21-null-26) [c: s: r: x:records t:null-26] o.a.s.u.p.LogUpdateProcessorFactory webapp=/solr path=/update params={wt=javabin&version=2}{add=[-Stränders-jordart-och-eroderbarhet (1818592251690876928)]} 0 58
2024-12-16 10:25:24.052 INFO  (qtp1241480588-22-null-27) [c: s: r: x:records t:null-27] o.a.s.u.p.LogUpdateProcessorFactory webapp=/solr path=/update params={wt=javabin&version=2}{add=[0007bad6-848d-4763-9813-d5ed21cde6ee (1818592253357064192)]} 0 10
2024-12-16 10:25:24.739 INFO  (qtp1241480588-24-null-28) [c: s: r: x:records t:null-28] o.a.s.u.p.LogUpdateProcessorFactory webapp=/solr path=/update params={wt=javabin&version=2}{add=[000baa63-b19e-4e52-8378-e7b6f3be1f63 (1818592254075338752)]} 0 11
2024-12-16 10:25:25.281 INFO  (qtp1241480588-20-null-29) [c: s: r: x:records t:null-29] o.a.s.u.p.LogUpdateProcessorFactory webapp=/solr path=/update params={wt=javabin&version=2}{add=[00449e2f-d622-46c3-bb55-c4f04113b82e (1818592254651006976)]} 0 5
2024-12-16 10:25:25.777 INFO  (qtp1241480588-25-null-30) [c: s: r: x:records t:null-30] o.a.s.u.p.LogUpdateProcessorFactory webapp=/solr path=/update params={wt=javabin&version=2}{add=[10.1002/ldr.1055 (1818592255172149248)]} 0 4
2024-12-16 10:25:26.304 INFO  (qtp1241480588-23-null-31) [c: s: r: x:records t:null-31] o.a.s.u.p.LogUpdateProcessorFactory webapp=/solr path=/update params={wt=javabin&version=2}{} 0 2
2024-12-16 10:25:26.304 ERROR (qtp1241480588-23-null-31) [c: s: r: x:records t:null-31] o.a.s.h.RequestHandlerBase Client exception => org.apache.solr.common.SolrException: ERROR: [doc=0083642f-36bd-465f-8e32-3859649ad9b4] Error adding field 'wkt_geometry'='POLYGON ((654360 7847000, 654360 7880000, 609000 7880000, 609000 7847000, 654360 7847000))' msg=Unable to parse shape given formats "lat,lon", "x y" or as WKT because org.locationtech.spatial4j.exception.InvalidShapeException: Bad X value 654360.0 is not in boundary Rect(minX=-180.0,maxX=180.0,minY=-90.0,maxY=90.0) input: POLYGON ((654360 7847000, 654360 7880000, 609000 7880000, 609000 7847000, 654360 7847000))
	at org.apache.solr.update.DocumentBuilder.toDocument(DocumentBuilder.java:248)
org.apache.solr.common.SolrException: ERROR: [doc=0083642f-36bd-465f-8e32-3859649ad9b4] Error adding field 'wkt_geometry'='POLYGON ((654360 7847000, 654360 7880000, 609000 7880000, 609000 7847000, 654360 7847000))' msg=Unable to parse shape given formats "lat,lon", "x y" or as WKT because org.locationtech.spatial4j.exception.InvalidShapeException: Bad X value 654360.0 is not in boundary Rect(minX=-180.0,maxX=180.0,minY=-90.0,maxY=90.0) input: POLYGON ((654360 7847000, 654360 7880000, 609000 7880000, 609000 7847000, 654360 7847000))
	at org.apache.solr.update.DocumentBuilder.toDocument(DocumentBuilder.java:248) ~[?:?]
	at org.apache.solr.update.AddUpdateCommand.makeLuceneDocs(AddUpdateCommand.java:213) ~[?:?]
	at org.apache.solr.update.DirectUpdateHandler2.updateDocOrDocValues(DirectUpdateHandler2.java:1062) ~[?:?]
	at org.apache.solr.update.DirectUpdateHandler2.doNormalUpdate(DirectUpdateHandler2.java:427) ~[?:?]
	at org.apache.solr.update.DirectUpdateHandler2.addDoc0(DirectUpdateHandler2.java:381) ~[?:?]
	at org.apache.solr.update.DirectUpdateHandler2.addDoc(DirectUpdateHandler2.java:318) ~[?:?]
	at org.apache.solr.update.processor.RunUpdateProcessorFactory$RunUpdateProcessor.processAdd(RunUpdateProcessorFactory.java:76) ~[?:?]
	at org.apache.solr.update.processor.UpdateRequestProcessor.processAdd(UpdateRequestProcessor.java:54) ~[?:?]
	at org.apache.solr.update.processor.DistributedUpdateProcessor.doLocalAdd(DistributedUpdateProcessor.java:270) ~[?:?]
	at org.apache.solr.update.processor.DistributedUpdateProcessor.doVersionAdd(DistributedUpdateProcessor.java:533) ~[?:?]
	at org.apache.solr.update.processor.DistributedUpdateProcessor.lambda$versionAdd$0(DistributedUpdateProcessor.java:358) ~[?:?]
	at org.apache.solr.update.VersionBucket.runWithLock(VersionBucket.java:43) ~[?:?]
	at org.apache.solr.update.processor.DistributedUpdateProcessor.versionAdd(DistributedUpdateProcessor.java:355) ~[?:?]
	at org.apache.solr.update.processor.DistributedUpdateProcessor.processAdd(DistributedUpdateProcessor.java:236) ~[?:?]
	at org.apache.solr.update.processor.LogUpdateProcessorFactory$LogUpdateProcessor.processAdd(LogUpdateProcessorFactory.java:111) ~[?:?]
	at org.apache.solr.handler.loader.JavabinLoader$1.update(JavabinLoader.java:123) ~[?:?]
	at org.apache.solr.client.solrj.request.JavaBinUpdateRequestCodec$StreamingCodec.readOuterMostDocIterator(JavaBinUpdateRequestCodec.java:342) ~[?:?]
	at org.apache.solr.client.solrj.request.JavaBinUpdateRequestCodec$StreamingCodec.readIterator(JavaBinUpdateRequestCodec.java:286) ~[?:?]
	at org.apache.solr.common.util.JavaBinCodec.readObject(JavaBinCodec.java:340) ~[?:?]
	at org.apache.solr.common.util.JavaBinCodec.readVal(JavaBinCodec.java:285) ~[?:?]
	at org.apache.solr.client.solrj.request.JavaBinUpdateRequestCodec$StreamingCodec.readNamedList(JavaBinUpdateRequestCodec.java:236) ~[?:?]
	at org.apache.solr.common.util.JavaBinCodec.readObject(JavaBinCodec.java:305) ~[?:?]
	at org.apache.solr.common.util.JavaBinCodec.readVal(JavaBinCodec.java:285) ~[?:?]
	at org.apache.solr.common.util.JavaBinCodec.unmarshal(JavaBinCodec.java:194) ~[?:?]
	at org.apache.solr.client.solrj.request.JavaBinUpdateRequestCodec.unmarshal(JavaBinUpdateRequestCodec.java:126) ~[?:?]
	at org.apache.solr.handler.loader.JavabinLoader.parseAndLoadDocs(JavabinLoader.java:135) ~[?:?]
	at org.apache.solr.handler.loader.JavabinLoader.load(JavabinLoader.java:74) ~[?:?]
	at org.apache.solr.handler.UpdateRequestHandler$1.load(UpdateRequestHandler.java:102) ~[?:?]
	at org.apache.solr.handler.ContentStreamHandlerBase.handleRequestBody(ContentStreamHandlerBase.java:98) ~[?:?]
	at org.apache.solr.handler.RequestHandlerBase.handleRequest(RequestHandlerBase.java:226) ~[?:?]
	at org.apache.solr.core.SolrCore.execute(SolrCore.java:2880) ~[?:?]
	at org.apache.solr.servlet.HttpSolrCall.executeCoreRequest(HttpSolrCall.java:890) ~[?:?]
	at org.apache.solr.servlet.HttpSolrCall.call(HttpSolrCall.java:576) ~[?:?]
	at org.apache.solr.servlet.SolrDispatchFilter.dispatch(SolrDispatchFilter.java:251) ~[?:?]
	at org.apache.solr.servlet.SolrDispatchFilter.lambda$doFilter$0(SolrDispatchFilter.java:208) ~[?:?]
	at org.apache.solr.servlet.ServletUtils.traceHttpRequestExecution2(ServletUtils.java:243) ~[?:?]
	at org.apache.solr.servlet.ServletUtils.rateLimitRequest(ServletUtils.java:213) ~[?:?]
	at org.apache.solr.servlet.SolrDispatchFilter.doFilter(SolrDispatchFilter.java:202) ~[?:?]
	at org.apache.solr.servlet.SolrDispatchFilter.doFilter(SolrDispatchFilter.java:184) ~[?:?]
	at org.eclipse.jetty.servlet.FilterHolder.doFilter(FilterHolder.java:210) ~[jetty-servlet-10.0.22.jar:10.0.22]
	at org.eclipse.jetty.servlet.ServletHandler$Chain.doFilter(ServletHandler.java:1635) ~[jetty-servlet-10.0.22.jar:10.0.22]
	at org.eclipse.jetty.servlet.ServletHandler.doHandle(ServletHandler.java:527) ~[jetty-servlet-10.0.22.jar:10.0.22]
	at org.eclipse.jetty.server.handler.ScopedHandler.handle(ScopedHandler.java:131) ~[jetty-server-10.0.22.jar:10.0.22]
	at org.eclipse.jetty.security.SecurityHandler.handle(SecurityHandler.java:598) ~[jetty-security-10.0.22.jar:10.0.22]
	at org.eclipse.jetty.server.handler.HandlerWrapper.handle(HandlerWrapper.java:122) ~[jetty-server-10.0.22.jar:10.0.22]
	at org.eclipse.jetty.server.handler.ScopedHandler.nextHandle(ScopedHandler.java:223) ~[jetty-server-10.0.22.jar:10.0.22]
	at org.eclipse.jetty.server.session.SessionHandler.doHandle(SessionHandler.java:1580) ~[jetty-server-10.0.22.jar:10.0.22]
	at org.eclipse.jetty.server.handler.ScopedHandler.nextHandle(ScopedHandler.java:221) ~[jetty-server-10.0.22.jar:10.0.22]
	at org.eclipse.jetty.server.handler.ContextHandler.doHandle(ContextHandler.java:1384) ~[jetty-server-10.0.22.jar:10.0.22]
	at org.eclipse.jetty.server.handler.ScopedHandler.nextScope(ScopedHandler.java:176) ~[jetty-server-10.0.22.jar:10.0.22]
	at org.eclipse.jetty.servlet.ServletHandler.doScope(ServletHandler.java:484) ~[jetty-servlet-10.0.22.jar:10.0.22]
	at org.eclipse.jetty.server.session.SessionHandler.doScope(SessionHandler.java:1553) ~[jetty-server-10.0.22.jar:10.0.22]
	at org.eclipse.jetty.server.handler.ScopedHandler.nextScope(ScopedHandler.java:174) ~[jetty-server-10.0.22.jar:10.0.22]
	at org.eclipse.jetty.server.handler.ContextHandler.doScope(ContextHandler.java:1306) ~[jetty-server-10.0.22.jar:10.0.22]
	at org.eclipse.jetty.server.handler.ScopedHandler.handle(ScopedHandler.java:129) ~[jetty-server-10.0.22.jar:10.0.22]
	at org.eclipse.jetty.server.handler.ContextHandlerCollection.handle(ContextHandlerCollection.java:149) ~[jetty-server-10.0.22.jar:10.0.22]
	at org.eclipse.jetty.server.handler.InetAccessHandler.handle(InetAccessHandler.java:228) ~[jetty-server-10.0.22.jar:10.0.22]
	at org.eclipse.jetty.server.handler.HandlerCollection.handle(HandlerCollection.java:141) ~[jetty-server-10.0.22.jar:10.0.22]
	at org.eclipse.jetty.server.handler.HandlerWrapper.handle(HandlerWrapper.java:122) ~[jetty-server-10.0.22.jar:10.0.22]
	at org.eclipse.jetty.rewrite.handler.RewriteHandler.handle(RewriteHandler.java:301) ~[jetty-rewrite-10.0.22.jar:10.0.22]
	at org.eclipse.jetty.server.handler.HandlerWrapper.handle(HandlerWrapper.java:122) ~[jetty-server-10.0.22.jar:10.0.22]
	at org.eclipse.jetty.server.handler.gzip.GzipHandler.handle(GzipHandler.java:822) ~[jetty-server-10.0.22.jar:10.0.22]
	at org.eclipse.jetty.server.handler.HandlerWrapper.handle(HandlerWrapper.java:122) ~[jetty-server-10.0.22.jar:10.0.22]
	at org.eclipse.jetty.server.Server.handle(Server.java:563) ~[jetty-server-10.0.22.jar:10.0.22]
	at org.eclipse.jetty.server.HttpChannel$RequestDispatchable.dispatch(HttpChannel.java:1598) ~[jetty-server-10.0.22.jar:10.0.22]
	at org.eclipse.jetty.server.HttpChannel.dispatch(HttpChannel.java:753) ~[jetty-server-10.0.22.jar:10.0.22]
	at org.eclipse.jetty.server.HttpChannel.handle(HttpChannel.java:501) ~[jetty-server-10.0.22.jar:10.0.22]
	at org.eclipse.jetty.server.HttpConnection.onFillable(HttpConnection.java:287) ~[jetty-server-10.0.22.jar:10.0.22]
	at org.eclipse.jetty.io.AbstractConnection$ReadCallback.succeeded(AbstractConnection.java:314) ~[jetty-io-10.0.22.jar:10.0.22]
	at org.eclipse.jetty.io.FillInterest.fillable(FillInterest.java:100) ~[jetty-io-10.0.22.jar:10.0.22]
	at org.eclipse.jetty.io.SelectableChannelEndPoint$1.run(SelectableChannelEndPoint.java:53) ~[jetty-io-10.0.22.jar:10.0.22]
	at org.eclipse.jetty.util.thread.strategy.AdaptiveExecutionStrategy.runTask(AdaptiveExecutionStrategy.java:421) ~[jetty-util-10.0.22.jar:10.0.22]
	at org.eclipse.jetty.util.thread.strategy.AdaptiveExecutionStrategy.consumeTask(AdaptiveExecutionStrategy.java:390) ~[jetty-util-10.0.22.jar:10.0.22]
	at org.eclipse.jetty.util.thread.strategy.AdaptiveExecutionStrategy.tryProduce(AdaptiveExecutionStrategy.java:277) ~[jetty-util-10.0.22.jar:10.0.22]
	at org.eclipse.jetty.util.thread.strategy.AdaptiveExecutionStrategy.run(AdaptiveExecutionStrategy.java:199) ~[jetty-util-10.0.22.jar:10.0.22]
	at org.eclipse.jetty.util.thread.ReservedThreadExecutor$ReservedThread.run(ReservedThreadExecutor.java:411) ~[jetty-util-10.0.22.jar:10.0.22]
	at org.eclipse.jetty.util.thread.QueuedThreadPool.runJob(QueuedThreadPool.java:969) ~[jetty-util-10.0.22.jar:10.0.22]
	at org.eclipse.jetty.util.thread.QueuedThreadPool$Runner.doRunJob(QueuedThreadPool.java:1194) ~[jetty-util-10.0.22.jar:10.0.22]
	at org.eclipse.jetty.util.thread.QueuedThreadPool$Runner.run(QueuedThreadPool.java:1149) ~[jetty-util-10.0.22.jar:10.0.22]
	at java.base/java.lang.Thread.run(Unknown Source) [?:?]
Caused by: org.apache.solr.common.SolrException: Unable to parse shape given formats "lat,lon", "x y" or as WKT because org.locationtech.spatial4j.exception.InvalidShapeException: Bad X value 654360.0 is not in boundary Rect(minX=-180.0,maxX=180.0,minY=-90.0,maxY=90.0) input: POLYGON ((654360 7847000, 654360 7880000, 609000 7880000, 609000 7847000, 654360 7847000))
	at org.apache.solr.schema.AbstractSpatialFieldType.parseShape(AbstractSpatialFieldType.java:293) ~[?:?]
	at org.apache.solr.schema.AbstractSpatialFieldType.createFields(AbstractSpatialFieldType.java:241) ~[?:?]
	at org.apache.solr.update.DocumentBuilder.addField(DocumentBuilder.java:67) ~[?:?]
	at org.apache.solr.update.DocumentBuilder.addOriginalField(DocumentBuilder.java:304) ~[?:?]
	at org.apache.solr.update.DocumentBuilder.toDocument(DocumentBuilder.java:219) ~[?:?]
	... 79 more
Caused by: org.locationtech.spatial4j.exception.InvalidShapeException: Bad X value 654360.0 is not in boundary Rect(minX=-180.0,maxX=180.0,minY=-90.0,maxY=90.0)
	at org.locationtech.spatial4j.shape.impl.ShapeFactoryImpl.verifyX(ShapeFactoryImpl.java:64) ~[?:?]
	at org.locationtech.spatial4j.shape.jts.JtsShapeFactory$CoordinatesAccumulator.pointXYZ(JtsShapeFactory.java:320) ~[?:?]
	at org.locationtech.spatial4j.shape.jts.JtsShapeFactory$CoordinatesAccumulator.pointXY(JtsShapeFactory.java:316) ~[?:?]
	at org.locationtech.spatial4j.shape.jts.JtsShapeFactory$JtsPolygonBuilder.pointXY(JtsShapeFactory.java:266) ~[?:?]
	at org.locationtech.spatial4j.io.WKTReader.point(WKTReader.java:402) ~[?:?]
	at org.locationtech.spatial4j.io.WKTReader.pointList(WKTReader.java:384) ~[?:?]
	at org.locationtech.spatial4j.io.WKTReader.polygon(WKTReader.java:411) ~[?:?]
	at org.locationtech.spatial4j.io.WKTReader.parsePolygonShape(WKTReader.java:316) ~[?:?]
	at org.locationtech.spatial4j.io.WKTReader.parseShapeByType(WKTReader.java:163) ~[?:?]
	at org.locationtech.spatial4j.io.WKTReader.parseIfSupported(WKTReader.java:110) ~[?:?]
	at org.locationtech.spatial4j.io.WKTReader.parse(WKTReader.java:81) ~[?:?]
	at org.locationtech.spatial4j.io.WKTReader.read(WKTReader.java:657) ~[?:?]
	at org.apache.solr.schema.AbstractSpatialFieldType.parseShape(AbstractSpatialFieldType.java:282) ~[?:?]
	at org.apache.solr.schema.AbstractSpatialFieldType.createFields(AbstractSpatialFieldType.java:241) ~[?:?]
	at org.apache.solr.update.DocumentBuilder.addField(DocumentBuilder.java:67) ~[?:?]
	at org.apache.solr.update.DocumentBuilder.addOriginalField(DocumentBuilder.java:304) ~[?:?]
	at org.apache.solr.update.DocumentBuilder.toDocument(DocumentBuilder.java:219) ~[?:?]
	... 79 more
2024-12-16 10:25:32.622 INFO  (searcherExecutor-15-thread-3-processing-records) [c: s: r: x:records t:] o.a.s.c.QuerySenderListener QuerySenderListener done.
2024-12-16 10:25:32.627 INFO  (searcherExecutor-15-thread-3-processing-records) [c: s: r: x:records t:] o.a.s.c.SolrCore Registered new searcher autowarm time: 0 ms
2024-12-16 10:26:47.365 INFO  (qtp1241480588-19-null-32) [c: s: r: x:records t:null-32] o.a.s.u.p.LogUpdateProcessorFactory webapp=/solr path=/update params={wt=javabin&version=2}{add=[-Stränders-jordart-och-eroderbarhet (1818592340718125056)]} 0 9
2024-12-16 10:26:50.252 INFO  (qtp1241480588-18-null-33) [c: s: r: x:records t:null-33] o.a.s.u.p.LogUpdateProcessorFactory webapp=/solr path=/update params={wt=javabin&version=2}{add=[0007bad6-848d-4763-9813-d5ed21cde6ee (1818592343745363968)]} 0 10
2024-12-16 10:26:57.640 INFO  (searcherExecutor-15-thread-4-processing-records) [c: s: r: x:records t:] o.a.s.c.QuerySenderListener QuerySenderListener done.
2024-12-16 10:26:57.707 INFO  (searcherExecutor-15-thread-4-processing-records) [c: s: r: x:records t:] o.a.s.c.SolrCore Registered new searcher autowarm time: 0 ms
2024-12-16 10:26:58.751 INFO  (qtp1241480588-24-null-34) [c: s: r: x:records t:null-34] o.a.s.u.p.LogUpdateProcessorFactory webapp=/solr path=/update params={wt=javabin&version=2}{add=[000baa63-b19e-4e52-8378-e7b6f3be1f63 (1818592352659308544)]} 0 7
2024-12-16 10:26:59.720 INFO  (qtp1241480588-20-null-35) [c: s: r: x:records t:null-35] o.a.s.u.p.LogUpdateProcessorFactory webapp=/solr path=/update params={wt=javabin&version=2}{add=[00449e2f-d622-46c3-bb55-c4f04113b82e (1818592353678524416)]} 0 4
2024-12-16 10:27:01.304 INFO  (qtp1241480588-25-null-36) [c: s: r: x:records t:null-36] o.a.s.u.p.LogUpdateProcessorFactory webapp=/solr path=/update params={wt=javabin&version=2}{add=[10.1002/ldr.1055 (1818592355341565952)]} 0 3
2024-12-16 10:27:02.917 INFO  (qtp1241480588-23-null-37) [c: s: r: x:records t:null-37] o.a.s.u.p.LogUpdateProcessorFactory webapp=/solr path=/update params={wt=javabin&version=2}{} 0 1
2024-12-16 10:27:02.917 ERROR (qtp1241480588-23-null-37) [c: s: r: x:records t:null-37] o.a.s.h.RequestHandlerBase Client exception => org.apache.solr.common.SolrException: ERROR: [doc=0083642f-36bd-465f-8e32-3859649ad9b4] Error adding field 'wkt_geometry'='POLYGON ((654360 7847000, 654360 7880000, 609000 7880000, 609000 7847000, 654360 7847000))' msg=Unable to parse shape given formats "lat,lon", "x y" or as WKT because org.locationtech.spatial4j.exception.InvalidShapeException: Bad X value 654360.0 is not in boundary Rect(minX=-180.0,maxX=180.0,minY=-90.0,maxY=90.0) input: POLYGON ((654360 7847000, 654360 7880000, 609000 7880000, 609000 7847000, 654360 7847000))
	at org.apache.solr.update.DocumentBuilder.toDocument(DocumentBuilder.java:248)
org.apache.solr.common.SolrException: ERROR: [doc=0083642f-36bd-465f-8e32-3859649ad9b4] Error adding field 'wkt_geometry'='POLYGON ((654360 7847000, 654360 7880000, 609000 7880000, 609000 7847000, 654360 7847000))' msg=Unable to parse shape given formats "lat,lon", "x y" or as WKT because org.locationtech.spatial4j.exception.InvalidShapeException: Bad X value 654360.0 is not in boundary Rect(minX=-180.0,maxX=180.0,minY=-90.0,maxY=90.0) input: POLYGON ((654360 7847000, 654360 7880000, 609000 7880000, 609000 7847000, 654360 7847000))
	at org.apache.solr.update.DocumentBuilder.toDocument(DocumentBuilder.java:248) ~[?:?]
	at org.apache.solr.update.AddUpdateCommand.makeLuceneDocs(AddUpdateCommand.java:213) ~[?:?]
	at org.apache.solr.update.DirectUpdateHandler2.updateDocOrDocValues(DirectUpdateHandler2.java:1062) ~[?:?]
	at org.apache.solr.update.DirectUpdateHandler2.doNormalUpdate(DirectUpdateHandler2.java:427) ~[?:?]
	at org.apache.solr.update.DirectUpdateHandler2.addDoc0(DirectUpdateHandler2.java:381) ~[?:?]
	at org.apache.solr.update.DirectUpdateHandler2.addDoc(DirectUpdateHandler2.java:318) ~[?:?]
	at org.apache.solr.update.processor.RunUpdateProcessorFactory$RunUpdateProcessor.processAdd(RunUpdateProcessorFactory.java:76) ~[?:?]
	at org.apache.solr.update.processor.UpdateRequestProcessor.processAdd(UpdateRequestProcessor.java:54) ~[?:?]
	at org.apache.solr.update.processor.DistributedUpdateProcessor.doLocalAdd(DistributedUpdateProcessor.java:270) ~[?:?]
	at org.apache.solr.update.processor.DistributedUpdateProcessor.doVersionAdd(DistributedUpdateProcessor.java:533) ~[?:?]
	at org.apache.solr.update.processor.DistributedUpdateProcessor.lambda$versionAdd$0(DistributedUpdateProcessor.java:358) ~[?:?]
	at org.apache.solr.update.VersionBucket.runWithLock(VersionBucket.java:43) ~[?:?]
	at org.apache.solr.update.processor.DistributedUpdateProcessor.versionAdd(DistributedUpdateProcessor.java:355) ~[?:?]
	at org.apache.solr.update.processor.DistributedUpdateProcessor.processAdd(DistributedUpdateProcessor.java:236) ~[?:?]
	at org.apache.solr.update.processor.LogUpdateProcessorFactory$LogUpdateProcessor.processAdd(LogUpdateProcessorFactory.java:111) ~[?:?]
	at org.apache.solr.handler.loader.JavabinLoader$1.update(JavabinLoader.java:123) ~[?:?]
	at org.apache.solr.client.solrj.request.JavaBinUpdateRequestCodec$StreamingCodec.readOuterMostDocIterator(JavaBinUpdateRequestCodec.java:342) ~[?:?]
	at org.apache.solr.client.solrj.request.JavaBinUpdateRequestCodec$StreamingCodec.readIterator(JavaBinUpdateRequestCodec.java:286) ~[?:?]
	at org.apache.solr.common.util.JavaBinCodec.readObject(JavaBinCodec.java:340) ~[?:?]
	at org.apache.solr.common.util.JavaBinCodec.readVal(JavaBinCodec.java:285) ~[?:?]
	at org.apache.solr.client.solrj.request.JavaBinUpdateRequestCodec$StreamingCodec.readNamedList(JavaBinUpdateRequestCodec.java:236) ~[?:?]
	at org.apache.solr.common.util.JavaBinCodec.readObject(JavaBinCodec.java:305) ~[?:?]
	at org.apache.solr.common.util.JavaBinCodec.readVal(JavaBinCodec.java:285) ~[?:?]
	at org.apache.solr.common.util.JavaBinCodec.unmarshal(JavaBinCodec.java:194) ~[?:?]
	at org.apache.solr.client.solrj.request.JavaBinUpdateRequestCodec.unmarshal(JavaBinUpdateRequestCodec.java:126) ~[?:?]
	at org.apache.solr.handler.loader.JavabinLoader.parseAndLoadDocs(JavabinLoader.java:135) ~[?:?]
	at org.apache.solr.handler.loader.JavabinLoader.load(JavabinLoader.java:74) ~[?:?]
	at org.apache.solr.handler.UpdateRequestHandler$1.load(UpdateRequestHandler.java:102) ~[?:?]
	at org.apache.solr.handler.ContentStreamHandlerBase.handleRequestBody(ContentStreamHandlerBase.java:98) ~[?:?]
	at org.apache.solr.handler.RequestHandlerBase.handleRequest(RequestHandlerBase.java:226) ~[?:?]
	at org.apache.solr.core.SolrCore.execute(SolrCore.java:2880) ~[?:?]
	at org.apache.solr.servlet.HttpSolrCall.executeCoreRequest(HttpSolrCall.java:890) ~[?:?]
	at org.apache.solr.servlet.HttpSolrCall.call(HttpSolrCall.java:576) ~[?:?]
	at org.apache.solr.servlet.SolrDispatchFilter.dispatch(SolrDispatchFilter.java:251) ~[?:?]
	at org.apache.solr.servlet.SolrDispatchFilter.lambda$doFilter$0(SolrDispatchFilter.java:208) ~[?:?]
	at org.apache.solr.servlet.ServletUtils.traceHttpRequestExecution2(ServletUtils.java:243) ~[?:?]
	at org.apache.solr.servlet.ServletUtils.rateLimitRequest(ServletUtils.java:213) ~[?:?]
	at org.apache.solr.servlet.SolrDispatchFilter.doFilter(SolrDispatchFilter.java:202) ~[?:?]
	at org.apache.solr.servlet.SolrDispatchFilter.doFilter(SolrDispatchFilter.java:184) ~[?:?]
	at org.eclipse.jetty.servlet.FilterHolder.doFilter(FilterHolder.java:210) ~[jetty-servlet-10.0.22.jar:10.0.22]
	at org.eclipse.jetty.servlet.ServletHandler$Chain.doFilter(ServletHandler.java:1635) ~[jetty-servlet-10.0.22.jar:10.0.22]
	at org.eclipse.jetty.servlet.ServletHandler.doHandle(ServletHandler.java:527) ~[jetty-servlet-10.0.22.jar:10.0.22]
	at org.eclipse.jetty.server.handler.ScopedHandler.handle(ScopedHandler.java:131) ~[jetty-server-10.0.22.jar:10.0.22]
	at org.eclipse.jetty.security.SecurityHandler.handle(SecurityHandler.java:598) ~[jetty-security-10.0.22.jar:10.0.22]
	at org.eclipse.jetty.server.handler.HandlerWrapper.handle(HandlerWrapper.java:122) ~[jetty-server-10.0.22.jar:10.0.22]
	at org.eclipse.jetty.server.handler.ScopedHandler.nextHandle(ScopedHandler.java:223) ~[jetty-server-10.0.22.jar:10.0.22]
	at org.eclipse.jetty.server.session.SessionHandler.doHandle(SessionHandler.java:1580) ~[jetty-server-10.0.22.jar:10.0.22]
	at org.eclipse.jetty.server.handler.ScopedHandler.nextHandle(ScopedHandler.java:221) ~[jetty-server-10.0.22.jar:10.0.22]
	at org.eclipse.jetty.server.handler.ContextHandler.doHandle(ContextHandler.java:1384) ~[jetty-server-10.0.22.jar:10.0.22]
	at org.eclipse.jetty.server.handler.ScopedHandler.nextScope(ScopedHandler.java:176) ~[jetty-server-10.0.22.jar:10.0.22]
	at org.eclipse.jetty.servlet.ServletHandler.doScope(ServletHandler.java:484) ~[jetty-servlet-10.0.22.jar:10.0.22]
	at org.eclipse.jetty.server.session.SessionHandler.doScope(SessionHandler.java:1553) ~[jetty-server-10.0.22.jar:10.0.22]
	at org.eclipse.jetty.server.handler.ScopedHandler.nextScope(ScopedHandler.java:174) ~[jetty-server-10.0.22.jar:10.0.22]
	at org.eclipse.jetty.server.handler.ContextHandler.doScope(ContextHandler.java:1306) ~[jetty-server-10.0.22.jar:10.0.22]
	at org.eclipse.jetty.server.handler.ScopedHandler.handle(ScopedHandler.java:129) ~[jetty-server-10.0.22.jar:10.0.22]
	at org.eclipse.jetty.server.handler.ContextHandlerCollection.handle(ContextHandlerCollection.java:149) ~[jetty-server-10.0.22.jar:10.0.22]
	at org.eclipse.jetty.server.handler.InetAccessHandler.handle(InetAccessHandler.java:228) ~[jetty-server-10.0.22.jar:10.0.22]
	at org.eclipse.jetty.server.handler.HandlerCollection.handle(HandlerCollection.java:141) ~[jetty-server-10.0.22.jar:10.0.22]
	at org.eclipse.jetty.server.handler.HandlerWrapper.handle(HandlerWrapper.java:122) ~[jetty-server-10.0.22.jar:10.0.22]
	at org.eclipse.jetty.rewrite.handler.RewriteHandler.handle(RewriteHandler.java:301) ~[jetty-rewrite-10.0.22.jar:10.0.22]
	at org.eclipse.jetty.server.handler.HandlerWrapper.handle(HandlerWrapper.java:122) ~[jetty-server-10.0.22.jar:10.0.22]
	at org.eclipse.jetty.server.handler.gzip.GzipHandler.handle(GzipHandler.java:822) ~[jetty-server-10.0.22.jar:10.0.22]
	at org.eclipse.jetty.server.handler.HandlerWrapper.handle(HandlerWrapper.java:122) ~[jetty-server-10.0.22.jar:10.0.22]
	at org.eclipse.jetty.server.Server.handle(Server.java:563) ~[jetty-server-10.0.22.jar:10.0.22]
	at org.eclipse.jetty.server.HttpChannel$RequestDispatchable.dispatch(HttpChannel.java:1598) ~[jetty-server-10.0.22.jar:10.0.22]
	at org.eclipse.jetty.server.HttpChannel.dispatch(HttpChannel.java:753) ~[jetty-server-10.0.22.jar:10.0.22]
	at org.eclipse.jetty.server.HttpChannel.handle(HttpChannel.java:501) ~[jetty-server-10.0.22.jar:10.0.22]
	at org.eclipse.jetty.server.HttpConnection.onFillable(HttpConnection.java:287) ~[jetty-server-10.0.22.jar:10.0.22]
	at org.eclipse.jetty.io.AbstractConnection$ReadCallback.succeeded(AbstractConnection.java:314) ~[jetty-io-10.0.22.jar:10.0.22]
	at org.eclipse.jetty.io.FillInterest.fillable(FillInterest.java:100) ~[jetty-io-10.0.22.jar:10.0.22]
	at org.eclipse.jetty.io.SelectableChannelEndPoint$1.run(SelectableChannelEndPoint.java:53) ~[jetty-io-10.0.22.jar:10.0.22]
	at org.eclipse.jetty.util.thread.strategy.AdaptiveExecutionStrategy.runTask(AdaptiveExecutionStrategy.java:421) ~[jetty-util-10.0.22.jar:10.0.22]
	at org.eclipse.jetty.util.thread.strategy.AdaptiveExecutionStrategy.consumeTask(AdaptiveExecutionStrategy.java:390) ~[jetty-util-10.0.22.jar:10.0.22]
	at org.eclipse.jetty.util.thread.strategy.AdaptiveExecutionStrategy.tryProduce(AdaptiveExecutionStrategy.java:277) ~[jetty-util-10.0.22.jar:10.0.22]
	at org.eclipse.jetty.util.thread.strategy.AdaptiveExecutionStrategy.run(AdaptiveExecutionStrategy.java:199) ~[jetty-util-10.0.22.jar:10.0.22]
	at org.eclipse.jetty.util.thread.ReservedThreadExecutor$ReservedThread.run(ReservedThreadExecutor.java:411) ~[jetty-util-10.0.22.jar:10.0.22]
	at org.eclipse.jetty.util.thread.QueuedThreadPool.runJob(QueuedThreadPool.java:969) ~[jetty-util-10.0.22.jar:10.0.22]
	at org.eclipse.jetty.util.thread.QueuedThreadPool$Runner.doRunJob(QueuedThreadPool.java:1194) ~[jetty-util-10.0.22.jar:10.0.22]
	at org.eclipse.jetty.util.thread.QueuedThreadPool$Runner.run(QueuedThreadPool.java:1149) ~[jetty-util-10.0.22.jar:10.0.22]
	at java.base/java.lang.Thread.run(Unknown Source) [?:?]
Caused by: org.apache.solr.common.SolrException: Unable to parse shape given formats "lat,lon", "x y" or as WKT because org.locationtech.spatial4j.exception.InvalidShapeException: Bad X value 654360.0 is not in boundary Rect(minX=-180.0,maxX=180.0,minY=-90.0,maxY=90.0) input: POLYGON ((654360 7847000, 654360 7880000, 609000 7880000, 609000 7847000, 654360 7847000))
	at org.apache.solr.schema.AbstractSpatialFieldType.parseShape(AbstractSpatialFieldType.java:293) ~[?:?]
	at org.apache.solr.schema.AbstractSpatialFieldType.createFields(AbstractSpatialFieldType.java:241) ~[?:?]
	at org.apache.solr.update.DocumentBuilder.addField(DocumentBuilder.java:67) ~[?:?]
	at org.apache.solr.update.DocumentBuilder.addOriginalField(DocumentBuilder.java:304) ~[?:?]
	at org.apache.solr.update.DocumentBuilder.toDocument(DocumentBuilder.java:219) ~[?:?]
	... 79 more
Caused by: org.locationtech.spatial4j.exception.InvalidShapeException: Bad X value 654360.0 is not in boundary Rect(minX=-180.0,maxX=180.0,minY=-90.0,maxY=90.0)
	at org.locationtech.spatial4j.shape.impl.ShapeFactoryImpl.verifyX(ShapeFactoryImpl.java:64) ~[?:?]
	at org.locationtech.spatial4j.shape.jts.JtsShapeFactory$CoordinatesAccumulator.pointXYZ(JtsShapeFactory.java:320) ~[?:?]
	at org.locationtech.spatial4j.shape.jts.JtsShapeFactory$CoordinatesAccumulator.pointXY(JtsShapeFactory.java:316) ~[?:?]
	at org.locationtech.spatial4j.shape.jts.JtsShapeFactory$JtsPolygonBuilder.pointXY(JtsShapeFactory.java:266) ~[?:?]
	at org.locationtech.spatial4j.io.WKTReader.point(WKTReader.java:402) ~[?:?]
	at org.locationtech.spatial4j.io.WKTReader.pointList(WKTReader.java:384) ~[?:?]
	at org.locationtech.spatial4j.io.WKTReader.polygon(WKTReader.java:411) ~[?:?]
	at org.locationtech.spatial4j.io.WKTReader.parsePolygonShape(WKTReader.java:316) ~[?:?]
	at org.locationtech.spatial4j.io.WKTReader.parseShapeByType(WKTReader.java:163) ~[?:?]
	at org.locationtech.spatial4j.io.WKTReader.parseIfSupported(WKTReader.java:110) ~[?:?]
	at org.locationtech.spatial4j.io.WKTReader.parse(WKTReader.java:81) ~[?:?]
	at org.locationtech.spatial4j.io.WKTReader.read(WKTReader.java:657) ~[?:?]
	at org.apache.solr.schema.AbstractSpatialFieldType.parseShape(AbstractSpatialFieldType.java:282) ~[?:?]
	at org.apache.solr.schema.AbstractSpatialFieldType.createFields(AbstractSpatialFieldType.java:241) ~[?:?]
	at org.apache.solr.update.DocumentBuilder.addField(DocumentBuilder.java:67) ~[?:?]
	at org.apache.solr.update.DocumentBuilder.addOriginalField(DocumentBuilder.java:304) ~[?:?]
	at org.apache.solr.update.DocumentBuilder.toDocument(DocumentBuilder.java:219) ~[?:?]
	... 79 more
2024-12-16 10:27:08.752 INFO  (searcherExecutor-15-thread-4-processing-records) [c: s: r: x:records t:] o.a.s.c.QuerySenderListener QuerySenderListener done.
2024-12-16 10:27:08.757 INFO  (searcherExecutor-15-thread-4-processing-records) [c: s: r: x:records t:] o.a.s.c.SolrCore Registered new searcher autowarm time: 0 ms
2024-12-16 14:22:57.992 INFO  (qtp1241480588-25-null-38) [c: s: r: x:records t:null-38] o.a.s.u.p.LogUpdateProcessorFactory webapp=/solr path=/update params={}{deleteByQuery=*:* (-1818607199678627840)} 0 40
2024-12-16 14:23:03.458 INFO  (qtp1241480588-21-null-39) [c: s: r: x:records t:null-39] o.a.s.u.p.LogUpdateProcessorFactory webapp=/solr path=/update params={}{deleteByQuery=*:* (-1818607205437407232)} 0 1
2024-12-16 14:23:04.676 INFO  (qtp1241480588-20-null-40) [c: s: r: x:records t:null-40] o.a.s.u.p.LogUpdateProcessorFactory webapp=/solr path=/update params={}{deleteByQuery=*:* (-1818607206714572800)} 0 1
2024-12-16 14:23:05.620 INFO  (qtp1241480588-16-null-41) [c: s: r: x:records t:null-41] o.a.s.u.p.LogUpdateProcessorFactory webapp=/solr path=/update params={}{deleteByQuery=*:* (-1818607207704428544)} 0 1
2024-12-16 14:23:06.378 INFO  (qtp1241480588-18-null-42) [c: s: r: x:records t:null-42] o.a.s.u.p.LogUpdateProcessorFactory webapp=/solr path=/update params={}{deleteByQuery=*:* (-1818607208499249152)} 0 1
2024-12-16 14:23:07.995 INFO  (searcherExecutor-15-thread-5-processing-records) [c: s: r: x:records t:] o.a.s.c.QuerySenderListener QuerySenderListener done.
2024-12-16 14:23:08.000 INFO  (searcherExecutor-15-thread-5-processing-records) [c: s: r: x:records t:] o.a.s.c.SolrCore Registered new searcher autowarm time: 0 ms
